<?xml version="1.0" encoding="UTF-8"?>
<testsuite xmlns:xsi="http://www.w3.org/2001/XMLSchema-instance" xsi:noNamespaceSchemaLocation="https://maven.apache.org/surefire/maven-surefire-plugin/xsd/surefire-test-report-3.0.xsd" version="3.0" name="PedidoDaoTest" time="0.918" tests="4" errors="0" skipped="0" failures="0">
  <properties>
[...]
</properties>
  <testcase name="testModificarEstadoPedido" classname="PedidoDaoTest" time="0.833"/>
  <testcase name="testCrearPedido" classname="PedidoDaoTest" time="0.031"/>
  <testcase name="testCalcularTotal" classname="PedidoDaoTest" time="0.009"/>
  <testcase name="testEliminarPedido" classname="PedidoDaoTest" time="0.012"/>
</testsuite>